<?xml version="1.0" encoding="UTF-8"?>
<!-- Generated by org.testng.reporters.JUnitReportReporter -->
<testsuite hostname="SyedThowhith07" failures="0" tests="3" name="com.TestNG.SimpleAnnotations" time="0.008" errors="0" timestamp="2024-11-18T13:10:06 IST" skipped="0">
  <testcase classname="com.TestNG.SimpleAnnotations" name="men" time="0.004"/>
  <system-out/>
  <testcase classname="com.TestNG.SimpleAnnotations" name="kids" time="0.004"/>
  <system-out/>
  <testcase classname="com.TestNG.SimpleAnnotations" name="women" time="0.000"/>
  <system-out/>
</testsuite> <!-- com.TestNG.SimpleAnnotations -->
