<?xml version="1.0" encoding="UTF-8"?>
<!-- Generated by org.testng.reporters.JUnitReportReporter -->
<testsuite hostname="SyedThowhith07" failures="0" tests="3" name="com.TestNG.CrossBrowser" time="20.750" errors="0" timestamp="2024-11-18T13:10:06 IST" skipped="0">
  <testcase classname="com.TestNG.CrossBrowser" name="edge" time="8.019"/>
  <system-out/>
  <testcase classname="com.TestNG.CrossBrowser" name="chrome" time="4.143"/>
  <system-out/>
  <testcase classname="com.TestNG.CrossBrowser" name="firefox" time="8.588"/>
  <system-out/>
</testsuite> <!-- com.TestNG.CrossBrowser -->
